<?xml version="1.0" encoding="UTF-8" ?>
<testsuite tests="6" failures="0" name="FlattenerTest" time="0.428" errors="0" skipped="0">
  <properties>
[...]
</properties>
  <testcase classname="FlattenerTest" name="testObjectFlattener" time="0.425"/>
  <testcase classname="FlattenerTest" name="sanityTestForFlattener" time="0"/>
  <testcase classname="FlattenerTest" name="testArrayFlattener" time="0.001"/>
  <testcase classname="FlattenerTest" name="sanityTestForUnFlattener" time="0.001"/>
  <testcase classname="FlattenerTest" name="testArrayUnFlattener" time="0"/>
  <testcase classname="FlattenerTest" name="testObjectUnFlattener" time="0.001"/>
</testsuite>